<?xml version="1.0" encoding="UTF-8"?>
<!-- Generated by org.testng.reporters.JUnitReportReporter -->
<testsuite hostname="DESKTOP-IANG15V" failures="0" tests="4" name="tests.Laboratorio9b" time="5.619" errors="0" timestamp="2022-06-09T23:16:26 ART" skipped="0">
  <testcase classname="tests.Laboratorio9b" name="alerta4" time="0.103"/>
  <system-out/>
  <testcase classname="tests.Laboratorio9b" name="alerta3" time="0.060"/>
  <system-out/>
  <testcase classname="tests.Laboratorio9b" name="alerta2" time="5.327"/>
  <system-out/>
  <testcase classname="tests.Laboratorio9b" name="alerta1" time="0.129"/>
  <system-out/>
</testsuite> <!-- tests.Laboratorio9b -->
