<?xml version="1.0" encoding="UTF-8"?>
<!-- Generated by org.testng.reporters.JUnitReportReporter -->
<testsuite hostname="DESKTOP-IANG15V" failures="0" tests="1" name="tests.Laboratorio7" time="3.322" errors="0" timestamp="2022-06-09T23:20:19 ART" skipped="0">
  <testcase classname="tests.Laboratorio7" name="login" time="3.322"/>
  <system-out/>
</testsuite> <!-- tests.Laboratorio7 -->
